2001.09.24 00:37 B G:\Documents and Settings\Administrator\My Documents\My Webs\pencilart\images\large\home.gif --> ftp.terrymaddox.com /d:/html/users/terrymaddoxcom/html/images/large home.gif
2001.09.24 00:37 B G:\Documents and Settings\Administrator\My Documents\My Webs\pencilart\images\large\Image011.jpg --> ftp.terrymaddox.com /d:/html/users/terrymaddoxcom/html/images/large Image011.jpg
2001.09.24 00:37 B G:\Documents and Settings\Administrator\My Documents\My Webs\pencilart\images\large\Image012.jpg --> ftp.terrymaddox.com /d:/html/users/terrymaddoxcom/html/images/large Image012.jpg
2001.09.24 00:37 B G:\Documents and Settings\Administrator\My Documents\My Webs\pencilart\images\large\Image013.jpg --> ftp.terrymaddox.com /d:/html/users/terrymaddoxcom/html/images/large Image013.jpg
2001.09.24 00:37 B G:\Documents and Settings\Administrator\My Documents\My Webs\pencilart\images\large\Image014.jpg --> ftp.terrymaddox.com /d:/html/users/terrymaddoxcom/html/images/large Image014.jpg
2001.09.24 00:37 B G:\Documents and Settings\Administrator\My Documents\My Webs\pencilart\images\large\Image015.jpg --> ftp.terrymaddox.com /d:/html/users/terrymaddoxcom/html/images/large Image015.jpg
2001.09.24 00:37 B G:\Documents and Settings\Administrator\My Documents\My Webs\pencilart\images\large\Image016.jpg --> ftp.terrymaddox.com /d:/html/users/terrymaddoxcom/html/images/large Image016.jpg
2001.09.24 00:37 B G:\Documents and Settings\Administrator\My Documents\My Webs\pencilart\images\large\Image017.jpg --> ftp.terrymaddox.com /d:/html/users/terrymaddoxcom/html/images/large Image017.jpg
2001.09.24 00:37 B G:\Documents and Settings\Administrator\My Documents\My Webs\pencilart\images\large\Image018.jpg --> ftp.terrymaddox.com /d:/html/users/terrymaddoxcom/html/images/large Image018.jpg
2001.09.24 00:37 B G:\Documents and Settings\Administrator\My Documents\My Webs\pencilart\images\large\Image019.jpg --> ftp.terrymaddox.com /d:/html/users/terrymaddoxcom/html/images/large Image019.jpg
2001.09.24 00:38 B G:\Documents and Settings\Administrator\My Documents\My Webs\pencilart\images\large\Image020.jpg --> ftp.terrymaddox.com /d:/html/users/terrymaddoxcom/html/images/large Image020.jpg
2001.09.24 00:38 B G:\Documents and Settings\Administrator\My Documents\My Webs\pencilart\images\large\Image021.jpg --> ftp.terrymaddox.com /d:/html/users/terrymaddoxcom/html/images/large Image021.jpg
2001.09.24 00:38 B G:\Documents and Settings\Administrator\My Documents\My Webs\pencilart\images\large\Image022.jpg --> ftp.terrymaddox.com /d:/html/users/terrymaddoxcom/html/images/large Image022.jpg
2001.09.24 00:38 B G:\Documents and Settings\Administrator\My Documents\My Webs\pencilart\images\large\Image023.jpg --> ftp.terrymaddox.com /d:/html/users/terrymaddoxcom/html/images/large Image023.jpg
2001.09.24 00:38 B G:\Documents and Settings\Administrator\My Documents\My Webs\pencilart\images\large\Image024.jpg --> ftp.terrymaddox.com /d:/html/users/terrymaddoxcom/html/images/large Image024.jpg
2001.09.24 00:38 B G:\Documents and Settings\Administrator\My Documents\My Webs\pencilart\images\large\Image025.jpg --> ftp.terrymaddox.com /d:/html/users/terrymaddoxcom/html/images/large Image025.jpg
2001.09.24 00:38 B G:\Documents and Settings\Administrator\My Documents\My Webs\pencilart\images\large\Image026.jpg --> ftp.terrymaddox.com /d:/html/users/terrymaddoxcom/html/images/large Image026.jpg
2001.09.24 00:38 B G:\Documents and Settings\Administrator\My Documents\My Webs\pencilart\images\large\Image027.jpg --> ftp.terrymaddox.com /d:/html/users/terrymaddoxcom/html/images/large Image027.jpg
2001.09.24 00:38 B G:\Documents and Settings\Administrator\My Documents\My Webs\pencilart\images\large\Image028.jpg --> ftp.terrymaddox.com /d:/html/users/terrymaddoxcom/html/images/large Image028.jpg
2001.09.24 00:38 B G:\Documents and Settings\Administrator\My Documents\My Webs\pencilart\images\large\Image029.jpg --> ftp.terrymaddox.com /d:/html/users/terrymaddoxcom/html/images/large Image029.jpg
2001.09.24 00:38 B G:\Documents and Settings\Administrator\My Documents\My Webs\pencilart\images\large\Image030.jpg --> ftp.terrymaddox.com /d:/html/users/terrymaddoxcom/html/images/large Image030.jpg
2001.09.24 00:38 B G:\Documents and Settings\Administrator\My Documents\My Webs\pencilart\images\large\Image031.jpg --> ftp.terrymaddox.com /d:/html/users/terrymaddoxcom/html/images/large Image031.jpg
2001.09.24 00:38 B G:\Documents and Settings\Administrator\My Documents\My Webs\pencilart\images\large\Image032.jpg --> ftp.terrymaddox.com /d:/html/users/terrymaddoxcom/html/images/large Image032.jpg
2001.09.24 00:38 B G:\Documents and Settings\Administrator\My Documents\My Webs\pencilart\images\large\Image033.jpg --> ftp.terrymaddox.com /d:/html/users/terrymaddoxcom/html/images/large Image033.jpg
2001.09.24 00:38 B G:\Documents and Settings\Administrator\My Documents\My Webs\pencilart\images\large\Image034.jpg --> ftp.terrymaddox.com /d:/html/users/terrymaddoxcom/html/images/large Image034.jpg
2001.09.24 00:38 B G:\Documents and Settings\Administrator\My Documents\My Webs\pencilart\images\large\Image035.jpg --> ftp.terrymaddox.com /d:/html/users/terrymaddoxcom/html/images/large Image035.jpg
2001.09.24 00:38 B G:\Documents and Settings\Administrator\My Documents\My Webs\pencilart\images\large\Image036.jpg --> ftp.terrymaddox.com /d:/html/users/terrymaddoxcom/html/images/large Image036.jpg
2001.09.24 00:38 B G:\Documents and Settings\Administrator\My Documents\My Webs\pencilart\images\large\Image037.jpg --> ftp.terrymaddox.com /d:/html/users/terrymaddoxcom/html/images/large Image037.jpg
2001.09.24 00:38 B G:\Documents and Settings\Administrator\My Documents\My Webs\pencilart\images\large\Image038.jpg --> ftp.terrymaddox.com /d:/html/users/terrymaddoxcom/html/images/large Image038.jpg
2001.09.24 00:38 B G:\Documents and Settings\Administrator\My Documents\My Webs\pencilart\images\large\Image039.jpg --> ftp.terrymaddox.com /d:/html/users/terrymaddoxcom/html/images/large Image039.jpg
2001.09.24 00:38 B G:\Documents and Settings\Administrator\My Documents\My Webs\pencilart\images\large\Image040.jpg --> ftp.terrymaddox.com /d:/html/users/terrymaddoxcom/html/images/large Image040.jpg
2001.09.24 00:38 B G:\Documents and Settings\Administrator\My Documents\My Webs\pencilart\images\large\Image041.jpg --> ftp.terrymaddox.com /d:/html/users/terrymaddoxcom/html/images/large Image041.jpg
2001.09.24 00:38 B G:\Documents and Settings\Administrator\My Documents\My Webs\pencilart\images\large\Image042.jpg --> ftp.terrymaddox.com /d:/html/users/terrymaddoxcom/html/images/large Image042.jpg
2001.09.24 00:38 B G:\Documents and Settings\Administrator\My Documents\My Webs\pencilart\images\large\Image043.jpg --> ftp.terrymaddox.com /d:/html/users/terrymaddoxcom/html/images/large Image043.jpg
2001.09.24 00:38 B G:\Documents and Settings\Administrator\My Documents\My Webs\pencilart\images\large\Image044.jpg --> ftp.terrymaddox.com /d:/html/users/terrymaddoxcom/html/images/large Image044.jpg
2001.09.24 00:38 B G:\Documents and Settings\Administrator\My Documents\My Webs\pencilart\images\large\Image045.jpg --> ftp.terrymaddox.com /d:/html/users/terrymaddoxcom/html/images/large Image045.jpg
2001.09.24 00:38 B G:\Documents and Settings\Administrator\My Documents\My Webs\pencilart\images\large\Image046.jpg --> ftp.terrymaddox.com /d:/html/users/terrymaddoxcom/html/images/large Image046.jpg
2001.09.24 00:38 B G:\Documents and Settings\Administrator\My Documents\My Webs\pencilart\images\large\Image047.jpg --> ftp.terrymaddox.com /d:/html/users/terrymaddoxcom/html/images/large Image047.jpg
2001.09.24 00:38 B G:\Documents and Settings\Administrator\My Documents\My Webs\pencilart\images\large\Image048.jpg --> ftp.terrymaddox.com /d:/html/users/terrymaddoxcom/html/images/large Image048.jpg
2001.09.24 00:39 B G:\Documents and Settings\Administrator\My Documents\My Webs\pencilart\images\large\Image049.jpg --> ftp.terrymaddox.com /d:/html/users/terrymaddoxcom/html/images/large Image049.jpg
2001.09.24 00:39 B G:\Documents and Settings\Administrator\My Documents\My Webs\pencilart\images\large\Image050.jpg --> ftp.terrymaddox.com /d:/html/users/terrymaddoxcom/html/images/large Image050.jpg
2001.09.24 00:39 B G:\Documents and Settings\Administrator\My Documents\My Webs\pencilart\images\large\Image051.jpg --> ftp.terrymaddox.com /d:/html/users/terrymaddoxcom/html/images/large Image051.jpg
2001.09.24 00:39 B G:\Documents and Settings\Administrator\My Documents\My Webs\pencilart\images\large\Image052.jpg --> ftp.terrymaddox.com /d:/html/users/terrymaddoxcom/html/images/large Image052.jpg
2001.09.24 00:39 B G:\Documents and Settings\Administrator\My Documents\My Webs\pencilart\images\large\Image053.jpg --> ftp.terrymaddox.com /d:/html/users/terrymaddoxcom/html/images/large Image053.jpg
2001.09.24 00:39 B G:\Documents and Settings\Administrator\My Documents\My Webs\pencilart\images\large\Image054.jpg --> ftp.terrymaddox.com /d:/html/users/terrymaddoxcom/html/images/large Image054.jpg
2001.09.24 00:39 B G:\Documents and Settings\Administrator\My Documents\My Webs\pencilart\images\large\Image055.jpg --> ftp.terrymaddox.com /d:/html/users/terrymaddoxcom/html/images/large Image055.jpg
2001.09.24 00:39 B G:\Documents and Settings\Administrator\My Documents\My Webs\pencilart\images\large\Image056.jpg --> ftp.terrymaddox.com /d:/html/users/terrymaddoxcom/html/images/large Image056.jpg
2001.09.24 00:39 B G:\Documents and Settings\Administrator\My Documents\My Webs\pencilart\images\large\Image057.jpg --> ftp.terrymaddox.com /d:/html/users/terrymaddoxcom/html/images/large Image057.jpg
2001.09.24 00:39 B G:\Documents and Settings\Administrator\My Documents\My Webs\pencilart\images\large\Image058.jpg --> ftp.terrymaddox.com /d:/html/users/terrymaddoxcom/html/images/large Image058.jpg
2001.09.24 00:39 B G:\Documents and Settings\Administrator\My Documents\My Webs\pencilart\images\large\Image059.jpg --> ftp.terrymaddox.com /d:/html/users/terrymaddoxcom/html/images/large Image059.jpg
2001.09.24 00:39 B G:\Documents and Settings\Administrator\My Documents\My Webs\pencilart\images\large\Image060.jpg --> ftp.terrymaddox.com /d:/html/users/terrymaddoxcom/html/images/large Image060.jpg
2001.09.24 00:39 B G:\Documents and Settings\Administrator\My Documents\My Webs\pencilart\images\large\Image061.jpg --> ftp.terrymaddox.com /d:/html/users/terrymaddoxcom/html/images/large Image061.jpg
2001.09.24 00:39 B G:\Documents and Settings\Administrator\My Documents\My Webs\pencilart\images\large\Image062.jpg --> ftp.terrymaddox.com /d:/html/users/terrymaddoxcom/html/images/large Image062.jpg
2001.09.24 00:39 B G:\Documents and Settings\Administrator\My Documents\My Webs\pencilart\images\large\Image063.jpg --> ftp.terrymaddox.com /d:/html/users/terrymaddoxcom/html/images/large Image063.jpg
2001.09.24 00:39 B G:\Documents and Settings\Administrator\My Documents\My Webs\pencilart\images\large\Image064.jpg --> ftp.terrymaddox.com /d:/html/users/terrymaddoxcom/html/images/large Image064.jpg
2001.09.24 00:39 B G:\Documents and Settings\Administrator\My Documents\My Webs\pencilart\images\large\Image065.jpg --> ftp.terrymaddox.com /d:/html/users/terrymaddoxcom/html/images/large Image065.jpg
2001.09.24 00:39 B G:\Documents and Settings\Administrator\My Documents\My Webs\pencilart\images\large\Image066.jpg --> ftp.terrymaddox.com /d:/html/users/terrymaddoxcom/html/images/large Image066.jpg
2001.09.24 00:39 B G:\Documents and Settings\Administrator\My Documents\My Webs\pencilart\images\large\Image067.jpg --> ftp.terrymaddox.com /d:/html/users/terrymaddoxcom/html/images/large Image067.jpg
2001.09.24 00:39 B G:\Documents and Settings\Administrator\My Documents\My Webs\pencilart\images\large\Image068.jpg --> ftp.terrymaddox.com /d:/html/users/terrymaddoxcom/html/images/large Image068.jpg
2001.09.24 00:39 B G:\Documents and Settings\Administrator\My Documents\My Webs\pencilart\images\large\Image069.jpg --> ftp.terrymaddox.com /d:/html/users/terrymaddoxcom/html/images/large Image069.jpg
2001.09.24 00:39 B G:\Documents and Settings\Administrator\My Documents\My Webs\pencilart\images\large\Image070.jpg --> ftp.terrymaddox.com /d:/html/users/terrymaddoxcom/html/images/large Image070.jpg
2001.09.24 00:39 B G:\Documents and Settings\Administrator\My Documents\My Webs\pencilart\images\large\Image071.jpg --> ftp.terrymaddox.com /d:/html/users/terrymaddoxcom/html/images/large Image071.jpg
2001.09.24 00:39 B G:\Documents and Settings\Administrator\My Documents\My Webs\pencilart\images\large\Image072.jpg --> ftp.terrymaddox.com /d:/html/users/terrymaddoxcom/html/images/large Image072.jpg
2001.09.24 00:39 B G:\Documents and Settings\Administrator\My Documents\My Webs\pencilart\images\large\Image073.jpg --> ftp.terrymaddox.com /d:/html/users/terrymaddoxcom/html/images/large Image073.jpg
2001.09.24 00:40 B G:\Documents and Settings\Administrator\My Documents\My Webs\pencilart\images\large\Image074.jpg --> ftp.terrymaddox.com /d:/html/users/terrymaddoxcom/html/images/large Image074.jpg
2001.09.24 00:40 B G:\Documents and Settings\Administrator\My Documents\My Webs\pencilart\images\large\Image075.jpg --> ftp.terrymaddox.com /d:/html/users/terrymaddoxcom/html/images/large Image075.jpg
2001.09.24 00:40 B G:\Documents and Settings\Administrator\My Documents\My Webs\pencilart\images\large\Image076.jpg --> ftp.terrymaddox.com /d:/html/users/terrymaddoxcom/html/images/large Image076.jpg
2001.09.24 00:40 B G:\Documents and Settings\Administrator\My Documents\My Webs\pencilart\images\large\Image077.jpg --> ftp.terrymaddox.com /d:/html/users/terrymaddoxcom/html/images/large Image077.jpg
2001.09.24 00:40 B G:\Documents and Settings\Administrator\My Documents\My Webs\pencilart\images\large\Image078.jpg --> ftp.terrymaddox.com /d:/html/users/terrymaddoxcom/html/images/large Image078.jpg
2001.09.24 00:40 B G:\Documents and Settings\Administrator\My Documents\My Webs\pencilart\images\large\Image079.jpg --> ftp.terrymaddox.com /d:/html/users/terrymaddoxcom/html/images/large Image079.jpg
2001.09.24 00:40 B G:\Documents and Settings\Administrator\My Documents\My Webs\pencilart\images\large\Image080.jpg --> ftp.terrymaddox.com /d:/html/users/terrymaddoxcom/html/images/large Image080.jpg
2001.09.24 00:40 B G:\Documents and Settings\Administrator\My Documents\My Webs\pencilart\images\large\Image081.jpg --> ftp.terrymaddox.com /d:/html/users/terrymaddoxcom/html/images/large Image081.jpg
2001.09.24 00:40 B G:\Documents and Settings\Administrator\My Documents\My Webs\pencilart\images\large\Image082.jpg --> ftp.terrymaddox.com /d:/html/users/terrymaddoxcom/html/images/large Image082.jpg
2001.09.24 00:40 B G:\Documents and Settings\Administrator\My Documents\My Webs\pencilart\images\large\Image083.jpg --> ftp.terrymaddox.com /d:/html/users/terrymaddoxcom/html/images/large Image083.jpg
2001.09.24 00:40 B G:\Documents and Settings\Administrator\My Documents\My Webs\pencilart\images\large\Image084.jpg --> ftp.terrymaddox.com /d:/html/users/terrymaddoxcom/html/images/large Image084.jpg
2001.09.24 00:40 B G:\Documents and Settings\Administrator\My Documents\My Webs\pencilart\images\large\Image085.jpg --> ftp.terrymaddox.com /d:/html/users/terrymaddoxcom/html/images/large Image085.jpg
2001.09.24 00:40 B G:\Documents and Settings\Administrator\My Documents\My Webs\pencilart\images\large\Image086.jpg --> ftp.terrymaddox.com /d:/html/users/terrymaddoxcom/html/images/large Image086.jpg
2001.09.24 00:40 B G:\Documents and Settings\Administrator\My Documents\My Webs\pencilart\images\large\Image087.jpg --> ftp.terrymaddox.com /d:/html/users/terrymaddoxcom/html/images/large Image087.jpg
2001.09.24 00:40 B G:\Documents and Settings\Administrator\My Documents\My Webs\pencilart\images\large\Image088.jpg --> ftp.terrymaddox.com /d:/html/users/terrymaddoxcom/html/images/large Image088.jpg
2001.09.24 00:40 B G:\Documents and Settings\Administrator\My Documents\My Webs\pencilart\images\large\Image089.jpg --> ftp.terrymaddox.com /d:/html/users/terrymaddoxcom/html/images/large Image089.jpg
2001.09.24 00:40 B G:\Documents and Settings\Administrator\My Documents\My Webs\pencilart\images\large\Image090.jpg --> ftp.terrymaddox.com /d:/html/users/terrymaddoxcom/html/images/large Image090.jpg
2001.09.24 00:40 B G:\Documents and Settings\Administrator\My Documents\My Webs\pencilart\images\large\Image091.jpg --> ftp.terrymaddox.com /d:/html/users/terrymaddoxcom/html/images/large Image091.jpg
2001.09.24 00:40 B G:\Documents and Settings\Administrator\My Documents\My Webs\pencilart\images\large\Image092.jpg --> ftp.terrymaddox.com /d:/html/users/terrymaddoxcom/html/images/large Image092.jpg
2001.09.24 00:40 B G:\Documents and Settings\Administrator\My Documents\My Webs\pencilart\images\large\Image093.jpg --> ftp.terrymaddox.com /d:/html/users/terrymaddoxcom/html/images/large Image093.jpg
2001.09.24 00:40 B G:\Documents and Settings\Administrator\My Documents\My Webs\pencilart\images\large\Image094.jpg --> ftp.terrymaddox.com /d:/html/users/terrymaddoxcom/html/images/large Image094.jpg
2001.09.24 00:41 B G:\Documents and Settings\Administrator\My Documents\My Webs\pencilart\images\large\Image095.jpg --> ftp.terrymaddox.com /d:/html/users/terrymaddoxcom/html/images/large Image095.jpg
2001.09.24 00:41 B G:\Documents and Settings\Administrator\My Documents\My Webs\pencilart\images\large\Image096.jpg --> ftp.terrymaddox.com /d:/html/users/terrymaddoxcom/html/images/large Image096.jpg
2001.09.24 00:41 B G:\Documents and Settings\Administrator\My Documents\My Webs\pencilart\images\large\Image097.jpg --> ftp.terrymaddox.com /d:/html/users/terrymaddoxcom/html/images/large Image097.jpg
2001.09.24 00:41 B G:\Documents and Settings\Administrator\My Documents\My Webs\pencilart\images\large\Image098.jpg --> ftp.terrymaddox.com /d:/html/users/terrymaddoxcom/html/images/large Image098.jpg
2001.09.24 00:41 B G:\Documents and Settings\Administrator\My Documents\My Webs\pencilart\images\large\Image099.jpg --> ftp.terrymaddox.com /d:/html/users/terrymaddoxcom/html/images/large Image099.jpg
2001.09.24 00:41 B G:\Documents and Settings\Administrator\My Documents\My Webs\pencilart\images\large\Image100.jpg --> ftp.terrymaddox.com /d:/html/users/terrymaddoxcom/html/images/large Image100.jpg
2001.09.24 00:41 B G:\Documents and Settings\Administrator\My Documents\My Webs\pencilart\images\large\Image101.jpg --> ftp.terrymaddox.com /d:/html/users/terrymaddoxcom/html/images/large Image101.jpg
2001.09.24 00:41 B G:\Documents and Settings\Administrator\My Documents\My Webs\pencilart\images\large\Image102.jpg --> ftp.terrymaddox.com /d:/html/users/terrymaddoxcom/html/images/large Image102.jpg
2001.09.24 00:41 B G:\Documents and Settings\Administrator\My Documents\My Webs\pencilart\images\large\Image103.jpg --> ftp.terrymaddox.com /d:/html/users/terrymaddoxcom/html/images/large Image103.jpg
2001.09.24 00:41 B G:\Documents and Settings\Administrator\My Documents\My Webs\pencilart\images\large\Image104.jpg --> ftp.terrymaddox.com /d:/html/users/terrymaddoxcom/html/images/large Image104.jpg
2001.09.24 00:41 B G:\Documents and Settings\Administrator\My Documents\My Webs\pencilart\images\large\Image105.jpg --> ftp.terrymaddox.com /d:/html/users/terrymaddoxcom/html/images/large Image105.jpg
2001.09.24 00:41 B G:\Documents and Settings\Administrator\My Documents\My Webs\pencilart\images\large\Image106.jpg --> ftp.terrymaddox.com /d:/html/users/terrymaddoxcom/html/images/large Image106.jpg
2001.09.24 00:41 B G:\Documents and Settings\Administrator\My Documents\My Webs\pencilart\images\large\Image107.jpg --> ftp.terrymaddox.com /d:/html/users/terrymaddoxcom/html/images/large Image107.jpg
2001.09.24 00:41 B G:\Documents and Settings\Administrator\My Documents\My Webs\pencilart\images\large\Image108.jpg --> ftp.terrymaddox.com /d:/html/users/terrymaddoxcom/html/images/large Image108.jpg
2001.09.24 00:41 B G:\Documents and Settings\Administrator\My Documents\My Webs\pencilart\images\large\Image109.jpg --> ftp.terrymaddox.com /d:/html/users/terrymaddoxcom/html/images/large Image109.jpg
2001.09.24 00:41 B G:\Documents and Settings\Administrator\My Documents\My Webs\pencilart\images\large\Image110.jpg --> ftp.terrymaddox.com /d:/html/users/terrymaddoxcom/html/images/large Image110.jpg
2001.09.24 00:41 B G:\Documents and Settings\Administrator\My Documents\My Webs\pencilart\images\large\Image121.jpg --> ftp.terrymaddox.com /d:/html/users/terrymaddoxcom/html/images/large Image121.jpg
2001.09.24 00:42 B G:\Documents and Settings\Administrator\My Documents\My Webs\pencilart\images\large\Image122.jpg --> ftp.terrymaddox.com /d:/html/users/terrymaddoxcom/html/images/large Image122.jpg
2001.09.24 00:42 B G:\Documents and Settings\Administrator\My Documents\My Webs\pencilart\images\large\Image123.jpg --> ftp.terrymaddox.com /d:/html/users/terrymaddoxcom/html/images/large Image123.jpg
2001.09.24 00:42 B G:\Documents and Settings\Administrator\My Documents\My Webs\pencilart\images\large\Image124.jpg --> ftp.terrymaddox.com /d:/html/users/terrymaddoxcom/html/images/large Image124.jpg
2001.09.24 00:42 B G:\Documents and Settings\Administrator\My Documents\My Webs\pencilart\images\large\Image125.jpg --> ftp.terrymaddox.com /d:/html/users/terrymaddoxcom/html/images/large Image125.jpg
2001.09.24 00:42 B G:\Documents and Settings\Administrator\My Documents\My Webs\pencilart\images\large\Image126.jpg --> ftp.terrymaddox.com /d:/html/users/terrymaddoxcom/html/images/large Image126.jpg
2001.09.24 00:42 B G:\Documents and Settings\Administrator\My Documents\My Webs\pencilart\images\large\Image127.jpg --> ftp.terrymaddox.com /d:/html/users/terrymaddoxcom/html/images/large Image127.jpg
2001.09.24 00:42 B G:\Documents and Settings\Administrator\My Documents\My Webs\pencilart\images\large\Image128.jpg --> ftp.terrymaddox.com /d:/html/users/terrymaddoxcom/html/images/large Image128.jpg
2001.09.24 00:42 B G:\Documents and Settings\Administrator\My Documents\My Webs\pencilart\images\large\Image129.jpg --> ftp.terrymaddox.com /d:/html/users/terrymaddoxcom/html/images/large Image129.jpg
2001.09.24 00:42 B G:\Documents and Settings\Administrator\My Documents\My Webs\pencilart\images\large\Image130.jpg --> ftp.terrymaddox.com /d:/html/users/terrymaddoxcom/html/images/large Image130.jpg
2001.09.24 00:42 B G:\Documents and Settings\Administrator\My Documents\My Webs\pencilart\images\large\Image131.jpg --> ftp.terrymaddox.com /d:/html/users/terrymaddoxcom/html/images/large Image131.jpg
2001.09.24 00:42 B G:\Documents and Settings\Administrator\My Documents\My Webs\pencilart\images\large\Image132.jpg --> ftp.terrymaddox.com /d:/html/users/terrymaddoxcom/html/images/large Image132.jpg
2001.09.24 00:42 B G:\Documents and Settings\Administrator\My Documents\My Webs\pencilart\images\large\Image133.jpg --> ftp.terrymaddox.com /d:/html/users/terrymaddoxcom/html/images/large Image133.jpg
2001.09.24 00:42 B G:\Documents and Settings\Administrator\My Documents\My Webs\pencilart\images\large\Image134.jpg --> ftp.terrymaddox.com /d:/html/users/terrymaddoxcom/html/images/large Image134.jpg
2001.09.24 00:42 B G:\Documents and Settings\Administrator\My Documents\My Webs\pencilart\images\large\Image135.jpg --> ftp.terrymaddox.com /d:/html/users/terrymaddoxcom/html/images/large Image135.jpg
2001.09.24 00:42 B G:\Documents and Settings\Administrator\My Documents\My Webs\pencilart\images\large\Image136.jpg --> ftp.terrymaddox.com /d:/html/users/terrymaddoxcom/html/images/large Image136.jpg
2001.09.24 00:42 B G:\Documents and Settings\Administrator\My Documents\My Webs\pencilart\images\large\Image137.jpg --> ftp.terrymaddox.com /d:/html/users/terrymaddoxcom/html/images/large Image137.jpg
2001.09.24 00:42 B G:\Documents and Settings\Administrator\My Documents\My Webs\pencilart\images\large\Image138.jpg --> ftp.terrymaddox.com /d:/html/users/terrymaddoxcom/html/images/large Image138.jpg
2001.09.24 00:42 B G:\Documents and Settings\Administrator\My Documents\My Webs\pencilart\images\large\Image139.jpg --> ftp.terrymaddox.com /d:/html/users/terrymaddoxcom/html/images/large Image139.jpg
2001.09.24 00:42 B G:\Documents and Settings\Administrator\My Documents\My Webs\pencilart\images\large\Image140.jpg --> ftp.terrymaddox.com /d:/html/users/terrymaddoxcom/html/images/large Image140.jpg
2001.09.24 00:42 B G:\Documents and Settings\Administrator\My Documents\My Webs\pencilart\images\large\Image141.jpg --> ftp.terrymaddox.com /d:/html/users/terrymaddoxcom/html/images/large Image141.jpg
2001.09.24 00:43 B G:\Documents and Settings\Administrator\My Documents\My Webs\pencilart\images\large\Image142.jpg --> ftp.terrymaddox.com /d:/html/users/terrymaddoxcom/html/images/large Image142.jpg
2001.09.24 00:43 B G:\Documents and Settings\Administrator\My Documents\My Webs\pencilart\images\large\Image143.jpg --> ftp.terrymaddox.com /d:/html/users/terrymaddoxcom/html/images/large Image143.jpg
2001.09.24 00:43 B G:\Documents and Settings\Administrator\My Documents\My Webs\pencilart\images\large\Image144.jpg --> ftp.terrymaddox.com /d:/html/users/terrymaddoxcom/html/images/large Image144.jpg
2001.09.24 00:43 B G:\Documents and Settings\Administrator\My Documents\My Webs\pencilart\images\large\Image145.jpg --> ftp.terrymaddox.com /d:/html/users/terrymaddoxcom/html/images/large Image145.jpg
2001.09.24 00:43 B G:\Documents and Settings\Administrator\My Documents\My Webs\pencilart\images\large\Image146.jpg --> ftp.terrymaddox.com /d:/html/users/terrymaddoxcom/html/images/large Image146.jpg
2001.09.24 00:43 B G:\Documents and Settings\Administrator\My Documents\My Webs\pencilart\images\large\Image147.jpg --> ftp.terrymaddox.com /d:/html/users/terrymaddoxcom/html/images/large Image147.jpg
2001.09.24 00:43 B G:\Documents and Settings\Administrator\My Documents\My Webs\pencilart\images\large\Image148.jpg --> ftp.terrymaddox.com /d:/html/users/terrymaddoxcom/html/images/large Image148.jpg
2001.09.24 00:43 B G:\Documents and Settings\Administrator\My Documents\My Webs\pencilart\images\large\Image149.jpg --> ftp.terrymaddox.com /d:/html/users/terrymaddoxcom/html/images/large Image149.jpg
2001.09.24 00:43 B G:\Documents and Settings\Administrator\My Documents\My Webs\pencilart\images\large\Image150.jpg --> ftp.terrymaddox.com /d:/html/users/terrymaddoxcom/html/images/large Image150.jpg
2001.09.24 00:43 B G:\Documents and Settings\Administrator\My Documents\My Webs\pencilart\images\large\Image151.jpg --> ftp.terrymaddox.com /d:/html/users/terrymaddoxcom/html/images/large Image151.jpg
2001.09.24 00:43 B G:\Documents and Settings\Administrator\My Documents\My Webs\pencilart\images\large\Image152.jpg --> ftp.terrymaddox.com /d:/html/users/terrymaddoxcom/html/images/large Image152.jpg
2001.09.24 00:43 B G:\Documents and Settings\Administrator\My Documents\My Webs\pencilart\images\large\Image153.jpg --> ftp.terrymaddox.com /d:/html/users/terrymaddoxcom/html/images/large Image153.jpg
2001.09.24 00:43 B G:\Documents and Settings\Administrator\My Documents\My Webs\pencilart\images\large\Image154.jpg --> ftp.terrymaddox.com /d:/html/users/terrymaddoxcom/html/images/large Image154.jpg
2001.09.24 00:43 B G:\Documents and Settings\Administrator\My Documents\My Webs\pencilart\images\large\Image155.jpg --> ftp.terrymaddox.com /d:/html/users/terrymaddoxcom/html/images/large Image155.jpg
2001.09.24 00:43 B G:\Documents and Settings\Administrator\My Documents\My Webs\pencilart\images\large\Image156.jpg --> ftp.terrymaddox.com /d:/html/users/terrymaddoxcom/html/images/large Image156.jpg
2001.09.24 00:43 B G:\Documents and Settings\Administrator\My Documents\My Webs\pencilart\images\large\Image157.jpg --> ftp.terrymaddox.com /d:/html/users/terrymaddoxcom/html/images/large Image157.jpg
2001.09.24 00:43 B G:\Documents and Settings\Administrator\My Documents\My Webs\pencilart\images\large\Image158.jpg --> ftp.terrymaddox.com /d:/html/users/terrymaddoxcom/html/images/large Image158.jpg
2001.09.24 00:43 B G:\Documents and Settings\Administrator\My Documents\My Webs\pencilart\images\large\Image159.jpg --> ftp.terrymaddox.com /d:/html/users/terrymaddoxcom/html/images/large Image159.jpg
2001.09.24 00:43 B G:\Documents and Settings\Administrator\My Documents\My Webs\pencilart\images\large\next.gif --> ftp.terrymaddox.com /d:/html/users/terrymaddoxcom/html/images/large next.gif
2001.09.24 00:43 B G:\Documents and Settings\Administrator\My Documents\My Webs\pencilart\images\large\previous.gif --> ftp.terrymaddox.com /d:/html/users/terrymaddoxcom/html/images/large previous.gif
2002.07.07 01:49 B C:\Documents and Settings\Mike\My Documents\Terry Maddox\webroot\images\large\home.gif --> ftp.terrymaddox.com /d:/html/users/terrymaddoxcom/html/images/large home.gif
2002.07.07 01:49 B C:\Documents and Settings\Mike\My Documents\Terry Maddox\webroot\images\large\Image011.jpg --> ftp.terrymaddox.com /d:/html/users/terrymaddoxcom/html/images/large Image011.jpg
2002.07.07 01:49 B C:\Documents and Settings\Mike\My Documents\Terry Maddox\webroot\images\large\Image012.jpg --> ftp.terrymaddox.com /d:/html/users/terrymaddoxcom/html/images/large Image012.jpg
2002.07.07 01:49 B C:\Documents and Settings\Mike\My Documents\Terry Maddox\webroot\images\large\Image013.jpg --> ftp.terrymaddox.com /d:/html/users/terrymaddoxcom/html/images/large Image013.jpg
2002.07.07 01:49 B C:\Documents and Settings\Mike\My Documents\Terry Maddox\webroot\images\large\Image014.jpg --> ftp.terrymaddox.com /d:/html/users/terrymaddoxcom/html/images/large Image014.jpg
2002.07.07 01:49 B C:\Documents and Settings\Mike\My Documents\Terry Maddox\webroot\images\large\Image015.jpg --> ftp.terrymaddox.com /d:/html/users/terrymaddoxcom/html/images/large Image015.jpg
2002.07.07 01:49 B C:\Documents and Settings\Mike\My Documents\Terry Maddox\webroot\images\large\Image016.jpg --> ftp.terrymaddox.com /d:/html/users/terrymaddoxcom/html/images/large Image016.jpg
2002.07.07 01:49 B C:\Documents and Settings\Mike\My Documents\Terry Maddox\webroot\images\large\Image017.jpg --> ftp.terrymaddox.com /d:/html/users/terrymaddoxcom/html/images/large Image017.jpg
2002.07.07 01:49 B C:\Documents and Settings\Mike\My Documents\Terry Maddox\webroot\images\large\Image018.jpg --> ftp.terrymaddox.com /d:/html/users/terrymaddoxcom/html/images/large Image018.jpg
2002.07.07 01:49 B C:\Documents and Settings\Mike\My Documents\Terry Maddox\webroot\images\large\Image019.jpg --> ftp.terrymaddox.com /d:/html/users/terrymaddoxcom/html/images/large Image019.jpg
2002.07.07 01:49 B C:\Documents and Settings\Mike\My Documents\Terry Maddox\webroot\images\large\Image020.jpg --> ftp.terrymaddox.com /d:/html/users/terrymaddoxcom/html/images/large Image020.jpg
2002.07.07 01:49 B C:\Documents and Settings\Mike\My Documents\Terry Maddox\webroot\images\large\Image021.jpg --> ftp.terrymaddox.com /d:/html/users/terrymaddoxcom/html/images/large Image021.jpg
2002.07.07 01:49 B C:\Documents and Settings\Mike\My Documents\Terry Maddox\webroot\images\large\Image022.jpg --> ftp.terrymaddox.com /d:/html/users/terrymaddoxcom/html/images/large Image022.jpg
2002.07.07 01:49 B C:\Documents and Settings\Mike\My Documents\Terry Maddox\webroot\images\large\Image023.jpg --> ftp.terrymaddox.com /d:/html/users/terrymaddoxcom/html/images/large Image023.jpg
2002.07.07 01:49 B C:\Documents and Settings\Mike\My Documents\Terry Maddox\webroot\images\large\Image024.jpg --> ftp.terrymaddox.com /d:/html/users/terrymaddoxcom/html/images/large Image024.jpg
2002.07.07 01:49 B C:\Documents and Settings\Mike\My Documents\Terry Maddox\webroot\images\large\Image025.jpg --> ftp.terrymaddox.com /d:/html/users/terrymaddoxcom/html/images/large Image025.jpg
2002.07.07 01:49 B C:\Documents and Settings\Mike\My Documents\Terry Maddox\webroot\images\large\Image026.jpg --> ftp.terrymaddox.com /d:/html/users/terrymaddoxcom/html/images/large Image026.jpg
2002.07.07 01:49 B C:\Documents and Settings\Mike\My Documents\Terry Maddox\webroot\images\large\Image027.jpg --> ftp.terrymaddox.com /d:/html/users/terrymaddoxcom/html/images/large Image027.jpg
2002.07.07 01:49 B C:\Documents and Settings\Mike\My Documents\Terry Maddox\webroot\images\large\Image028.jpg --> ftp.terrymaddox.com /d:/html/users/terrymaddoxcom/html/images/large Image028.jpg
2002.07.07 01:49 B C:\Documents and Settings\Mike\My Documents\Terry Maddox\webroot\images\large\Image029.jpg --> ftp.terrymaddox.com /d:/html/users/terrymaddoxcom/html/images/large Image029.jpg
2002.07.07 01:49 B C:\Documents and Settings\Mike\My Documents\Terry Maddox\webroot\images\large\Image030.jpg --> ftp.terrymaddox.com /d:/html/users/terrymaddoxcom/html/images/large Image030.jpg
2002.07.07 01:49 B C:\Documents and Settings\Mike\My Documents\Terry Maddox\webroot\images\large\Image031.jpg --> ftp.terrymaddox.com /d:/html/users/terrymaddoxcom/html/images/large Image031.jpg
2002.07.07 01:49 B C:\Documents and Settings\Mike\My Documents\Terry Maddox\webroot\images\large\Image032.jpg --> ftp.terrymaddox.com /d:/html/users/terrymaddoxcom/html/images/large Image032.jpg
2002.07.07 01:49 B C:\Documents and Settings\Mike\My Documents\Terry Maddox\webroot\images\large\Image033.jpg --> ftp.terrymaddox.com /d:/html/users/terrymaddoxcom/html/images/large Image033.jpg
2002.07.07 01:49 B C:\Documents and Settings\Mike\My Documents\Terry Maddox\webroot\images\large\Image034.jpg --> ftp.terrymaddox.com /d:/html/users/terrymaddoxcom/html/images/large Image034.jpg
2002.07.07 01:49 B C:\Documents and Settings\Mike\My Documents\Terry Maddox\webroot\images\large\Image035.jpg --> ftp.terrymaddox.com /d:/html/users/terrymaddoxcom/html/images/large Image035.jpg
2002.07.07 01:49 B C:\Documents and Settings\Mike\My Documents\Terry Maddox\webroot\images\large\Image036.jpg --> ftp.terrymaddox.com /d:/html/users/terrymaddoxcom/html/images/large Image036.jpg
2002.07.07 01:49 B C:\Documents and Settings\Mike\My Documents\Terry Maddox\webroot\images\large\Image037.jpg --> ftp.terrymaddox.com /d:/html/users/terrymaddoxcom/html/images/large Image037.jpg
2002.07.07 01:49 B C:\Documents and Settings\Mike\My Documents\Terry Maddox\webroot\images\large\Image038.jpg --> ftp.terrymaddox.com /d:/html/users/terrymaddoxcom/html/images/large Image038.jpg
2002.07.07 01:49 B C:\Documents and Settings\Mike\My Documents\Terry Maddox\webroot\images\large\Image039.jpg --> ftp.terrymaddox.com /d:/html/users/terrymaddoxcom/html/images/large Image039.jpg
2002.07.07 01:49 B C:\Documents and Settings\Mike\My Documents\Terry Maddox\webroot\images\large\Image040.jpg --> ftp.terrymaddox.com /d:/html/users/terrymaddoxcom/html/images/large Image040.jpg
2002.07.07 01:49 B C:\Documents and Settings\Mike\My Documents\Terry Maddox\webroot\images\large\Image041.jpg --> ftp.terrymaddox.com /d:/html/users/terrymaddoxcom/html/images/large Image041.jpg
2002.07.07 01:49 B C:\Documents and Settings\Mike\My Documents\Terry Maddox\webroot\images\large\Image042.jpg --> ftp.terrymaddox.com /d:/html/users/terrymaddoxcom/html/images/large Image042.jpg
2002.07.07 01:49 B C:\Documents and Settings\Mike\My Documents\Terry Maddox\webroot\images\large\Image043.jpg --> ftp.terrymaddox.com /d:/html/users/terrymaddoxcom/html/images/large Image043.jpg
2002.07.07 01:49 B C:\Documents and Settings\Mike\My Documents\Terry Maddox\webroot\images\large\Image044.jpg --> ftp.terrymaddox.com /d:/html/users/terrymaddoxcom/html/images/large Image044.jpg
2002.07.07 01:50 B C:\Documents and Settings\Mike\My Documents\Terry Maddox\webroot\images\large\Image045.jpg --> ftp.terrymaddox.com /d:/html/users/terrymaddoxcom/html/images/large Image045.jpg
2002.07.07 01:50 B C:\Documents and Settings\Mike\My Documents\Terry Maddox\webroot\images\large\Image046.jpg --> ftp.terrymaddox.com /d:/html/users/terrymaddoxcom/html/images/large Image046.jpg
2002.07.07 01:50 B C:\Documents and Settings\Mike\My Documents\Terry Maddox\webroot\images\large\Image047.jpg --> ftp.terrymaddox.com /d:/html/users/terrymaddoxcom/html/images/large Image047.jpg
2002.07.07 01:50 B C:\Documents and Settings\Mike\My Documents\Terry Maddox\webroot\images\large\Image048.jpg --> ftp.terrymaddox.com /d:/html/users/terrymaddoxcom/html/images/large Image048.jpg
2002.07.07 01:50 B C:\Documents and Settings\Mike\My Documents\Terry Maddox\webroot\images\large\Image049.jpg --> ftp.terrymaddox.com /d:/html/users/terrymaddoxcom/html/images/large Image049.jpg
2002.07.07 01:50 B C:\Documents and Settings\Mike\My Documents\Terry Maddox\webroot\images\large\Image050.jpg --> ftp.terrymaddox.com /d:/html/users/terrymaddoxcom/html/images/large Image050.jpg
2002.07.07 01:50 B C:\Documents and Settings\Mike\My Documents\Terry Maddox\webroot\images\large\Image051.jpg --> ftp.terrymaddox.com /d:/html/users/terrymaddoxcom/html/images/large Image051.jpg
2002.07.07 01:50 B C:\Documents and Settings\Mike\My Documents\Terry Maddox\webroot\images\large\Image052.jpg --> ftp.terrymaddox.com /d:/html/users/terrymaddoxcom/html/images/large Image052.jpg
2002.07.07 01:50 B C:\Documents and Settings\Mike\My Documents\Terry Maddox\webroot\images\large\Image053.jpg --> ftp.terrymaddox.com /d:/html/users/terrymaddoxcom/html/images/large Image053.jpg
2002.07.07 01:50 B C:\Documents and Settings\Mike\My Documents\Terry Maddox\webroot\images\large\Image054.jpg --> ftp.terrymaddox.com /d:/html/users/terrymaddoxcom/html/images/large Image054.jpg
2002.07.07 01:50 B C:\Documents and Settings\Mike\My Documents\Terry Maddox\webroot\images\large\Image055.jpg --> ftp.terrymaddox.com /d:/html/users/terrymaddoxcom/html/images/large Image055.jpg
2002.07.07 01:50 B C:\Documents and Settings\Mike\My Documents\Terry Maddox\webroot\images\large\Image056.jpg --> ftp.terrymaddox.com /d:/html/users/terrymaddoxcom/html/images/large Image056.jpg
2002.07.07 01:50 B C:\Documents and Settings\Mike\My Documents\Terry Maddox\webroot\images\large\Image057.jpg --> ftp.terrymaddox.com /d:/html/users/terrymaddoxcom/html/images/large Image057.jpg
2002.07.07 01:50 B C:\Documents and Settings\Mike\My Documents\Terry Maddox\webroot\images\large\Image058.jpg --> ftp.terrymaddox.com /d:/html/users/terrymaddoxcom/html/images/large Image058.jpg
2002.07.07 01:50 B C:\Documents and Settings\Mike\My Documents\Terry Maddox\webroot\images\large\Image059.jpg --> ftp.terrymaddox.com /d:/html/users/terrymaddoxcom/html/images/large Image059.jpg
2002.07.07 01:50 B C:\Documents and Settings\Mike\My Documents\Terry Maddox\webroot\images\large\Image060.jpg --> ftp.terrymaddox.com /d:/html/users/terrymaddoxcom/html/images/large Image060.jpg
2002.07.07 01:50 B C:\Documents and Settings\Mike\My Documents\Terry Maddox\webroot\images\large\Image061.jpg --> ftp.terrymaddox.com /d:/html/users/terrymaddoxcom/html/images/large Image061.jpg
2002.07.07 01:50 B C:\Documents and Settings\Mike\My Documents\Terry Maddox\webroot\images\large\Image062.jpg --> ftp.terrymaddox.com /d:/html/users/terrymaddoxcom/html/images/large Image062.jpg
2002.07.07 01:50 B C:\Documents and Settings\Mike\My Documents\Terry Maddox\webroot\images\large\Image063.jpg --> ftp.terrymaddox.com /d:/html/users/terrymaddoxcom/html/images/large Image063.jpg
2002.07.07 01:50 B C:\Documents and Settings\Mike\My Documents\Terry Maddox\webroot\images\large\Image064.jpg --> ftp.terrymaddox.com /d:/html/users/terrymaddoxcom/html/images/large Image064.jpg
2002.07.07 01:50 B C:\Documents and Settings\Mike\My Documents\Terry Maddox\webroot\images\large\Image065.jpg --> ftp.terrymaddox.com /d:/html/users/terrymaddoxcom/html/images/large Image065.jpg
2002.07.07 01:50 B C:\Documents and Settings\Mike\My Documents\Terry Maddox\webroot\images\large\Image066.jpg --> ftp.terrymaddox.com /d:/html/users/terrymaddoxcom/html/images/large Image066.jpg
2002.07.07 01:50 B C:\Documents and Settings\Mike\My Documents\Terry Maddox\webroot\images\large\Image067.jpg --> ftp.terrymaddox.com /d:/html/users/terrymaddoxcom/html/images/large Image067.jpg
2002.07.07 01:50 B C:\Documents and Settings\Mike\My Documents\Terry Maddox\webroot\images\large\Image068.jpg --> ftp.terrymaddox.com /d:/html/users/terrymaddoxcom/html/images/large Image068.jpg
2002.07.07 01:50 B C:\Documents and Settings\Mike\My Documents\Terry Maddox\webroot\images\large\Image069.jpg --> ftp.terrymaddox.com /d:/html/users/terrymaddoxcom/html/images/large Image069.jpg
2002.07.07 01:50 B C:\Documents and Settings\Mike\My Documents\Terry Maddox\webroot\images\large\Image070.jpg --> ftp.terrymaddox.com /d:/html/users/terrymaddoxcom/html/images/large Image070.jpg
2002.07.07 01:50 B C:\Documents and Settings\Mike\My Documents\Terry Maddox\webroot\images\large\Image071.jpg --> ftp.terrymaddox.com /d:/html/users/terrymaddoxcom/html/images/large Image071.jpg
2002.07.07 01:50 B C:\Documents and Settings\Mike\My Documents\Terry Maddox\webroot\images\large\Image072.jpg --> ftp.terrymaddox.com /d:/html/users/terrymaddoxcom/html/images/large Image072.jpg
2002.07.07 01:50 B C:\Documents and Settings\Mike\My Documents\Terry Maddox\webroot\images\large\Image073.jpg --> ftp.terrymaddox.com /d:/html/users/terrymaddoxcom/html/images/large Image073.jpg
2002.07.07 01:50 B C:\Documents and Settings\Mike\My Documents\Terry Maddox\webroot\images\large\Image074.jpg --> ftp.terrymaddox.com /d:/html/users/terrymaddoxcom/html/images/large Image074.jpg
2002.07.07 01:50 B C:\Documents and Settings\Mike\My Documents\Terry Maddox\webroot\images\large\Image075.jpg --> ftp.terrymaddox.com /d:/html/users/terrymaddoxcom/html/images/large Image075.jpg
2002.07.07 01:50 B C:\Documents and Settings\Mike\My Documents\Terry Maddox\webroot\images\large\Image076.jpg --> ftp.terrymaddox.com /d:/html/users/terrymaddoxcom/html/images/large Image076.jpg
2002.07.07 01:51 B C:\Documents and Settings\Mike\My Documents\Terry Maddox\webroot\images\large\Image077.jpg --> ftp.terrymaddox.com /d:/html/users/terrymaddoxcom/html/images/large Image077.jpg
2002.07.07 01:51 B C:\Documents and Settings\Mike\My Documents\Terry Maddox\webroot\images\large\Image078.jpg --> ftp.terrymaddox.com /d:/html/users/terrymaddoxcom/html/images/large Image078.jpg
2002.07.07 01:51 B C:\Documents and Settings\Mike\My Documents\Terry Maddox\webroot\images\large\Image079.jpg --> ftp.terrymaddox.com /d:/html/users/terrymaddoxcom/html/images/large Image079.jpg
2002.07.07 01:51 B C:\Documents and Settings\Mike\My Documents\Terry Maddox\webroot\images\large\Image080.jpg --> ftp.terrymaddox.com /d:/html/users/terrymaddoxcom/html/images/large Image080.jpg
2002.07.07 01:51 B C:\Documents and Settings\Mike\My Documents\Terry Maddox\webroot\images\large\Image081.jpg --> ftp.terrymaddox.com /d:/html/users/terrymaddoxcom/html/images/large Image081.jpg
2002.07.07 01:51 B C:\Documents and Settings\Mike\My Documents\Terry Maddox\webroot\images\large\Image082.jpg --> ftp.terrymaddox.com /d:/html/users/terrymaddoxcom/html/images/large Image082.jpg
2002.07.07 01:51 B C:\Documents and Settings\Mike\My Documents\Terry Maddox\webroot\images\large\Image083.jpg --> ftp.terrymaddox.com /d:/html/users/terrymaddoxcom/html/images/large Image083.jpg
2002.07.07 01:51 B C:\Documents and Settings\Mike\My Documents\Terry Maddox\webroot\images\large\Image084.jpg --> ftp.terrymaddox.com /d:/html/users/terrymaddoxcom/html/images/large Image084.jpg
2002.07.07 01:51 B C:\Documents and Settings\Mike\My Documents\Terry Maddox\webroot\images\large\Image085.jpg --> ftp.terrymaddox.com /d:/html/users/terrymaddoxcom/html/images/large Image085.jpg
2002.07.07 01:51 B C:\Documents and Settings\Mike\My Documents\Terry Maddox\webroot\images\large\Image086.jpg --> ftp.terrymaddox.com /d:/html/users/terrymaddoxcom/html/images/large Image086.jpg
2002.07.07 01:51 B C:\Documents and Settings\Mike\My Documents\Terry Maddox\webroot\images\large\Image087.jpg --> ftp.terrymaddox.com /d:/html/users/terrymaddoxcom/html/images/large Image087.jpg
2002.07.07 01:51 B C:\Documents and Settings\Mike\My Documents\Terry Maddox\webroot\images\large\Image088.jpg --> ftp.terrymaddox.com /d:/html/users/terrymaddoxcom/html/images/large Image088.jpg
2002.07.07 01:51 B C:\Documents and Settings\Mike\My Documents\Terry Maddox\webroot\images\large\Image089.jpg --> ftp.terrymaddox.com /d:/html/users/terrymaddoxcom/html/images/large Image089.jpg
2002.07.07 01:51 B C:\Documents and Settings\Mike\My Documents\Terry Maddox\webroot\images\large\Image090.jpg --> ftp.terrymaddox.com /d:/html/users/terrymaddoxcom/html/images/large Image090.jpg
2002.07.07 01:51 B C:\Documents and Settings\Mike\My Documents\Terry Maddox\webroot\images\large\Image091.jpg --> ftp.terrymaddox.com /d:/html/users/terrymaddoxcom/html/images/large Image091.jpg
2002.07.07 01:51 B C:\Documents and Settings\Mike\My Documents\Terry Maddox\webroot\images\large\Image092.jpg --> ftp.terrymaddox.com /d:/html/users/terrymaddoxcom/html/images/large Image092.jpg
2002.07.07 01:51 B C:\Documents and Settings\Mike\My Documents\Terry Maddox\webroot\images\large\Image093.jpg --> ftp.terrymaddox.com /d:/html/users/terrymaddoxcom/html/images/large Image093.jpg
2002.07.07 01:51 B C:\Documents and Settings\Mike\My Documents\Terry Maddox\webroot\images\large\Image094.jpg --> ftp.terrymaddox.com /d:/html/users/terrymaddoxcom/html/images/large Image094.jpg
2002.07.07 01:51 B C:\Documents and Settings\Mike\My Documents\Terry Maddox\webroot\images\large\Image095.jpg --> ftp.terrymaddox.com /d:/html/users/terrymaddoxcom/html/images/large Image095.jpg
2002.07.07 01:51 B C:\Documents and Settings\Mike\My Documents\Terry Maddox\webroot\images\large\Image096.jpg --> ftp.terrymaddox.com /d:/html/users/terrymaddoxcom/html/images/large Image096.jpg
2002.07.07 01:51 B C:\Documents and Settings\Mike\My Documents\Terry Maddox\webroot\images\large\Image097.jpg --> ftp.terrymaddox.com /d:/html/users/terrymaddoxcom/html/images/large Image097.jpg
2002.07.07 01:51 B C:\Documents and Settings\Mike\My Documents\Terry Maddox\webroot\images\large\Image098.jpg --> ftp.terrymaddox.com /d:/html/users/terrymaddoxcom/html/images/large Image098.jpg
2002.07.07 01:51 B C:\Documents and Settings\Mike\My Documents\Terry Maddox\webroot\images\large\Image099.jpg --> ftp.terrymaddox.com /d:/html/users/terrymaddoxcom/html/images/large Image099.jpg
2002.07.07 01:51 B C:\Documents and Settings\Mike\My Documents\Terry Maddox\webroot\images\large\Image100.jpg --> ftp.terrymaddox.com /d:/html/users/terrymaddoxcom/html/images/large Image100.jpg
2002.07.07 01:51 B C:\Documents and Settings\Mike\My Documents\Terry Maddox\webroot\images\large\Image101.jpg --> ftp.terrymaddox.com /d:/html/users/terrymaddoxcom/html/images/large Image101.jpg
2002.07.07 01:51 B C:\Documents and Settings\Mike\My Documents\Terry Maddox\webroot\images\large\Image102.jpg --> ftp.terrymaddox.com /d:/html/users/terrymaddoxcom/html/images/large Image102.jpg
2002.07.07 01:51 B C:\Documents and Settings\Mike\My Documents\Terry Maddox\webroot\images\large\Image103.jpg --> ftp.terrymaddox.com /d:/html/users/terrymaddoxcom/html/images/large Image103.jpg
2002.07.07 01:51 B C:\Documents and Settings\Mike\My Documents\Terry Maddox\webroot\images\large\Image104.jpg --> ftp.terrymaddox.com /d:/html/users/terrymaddoxcom/html/images/large Image104.jpg
2002.07.07 01:52 B C:\Documents and Settings\Mike\My Documents\Terry Maddox\webroot\images\large\Image105.jpg --> ftp.terrymaddox.com /d:/html/users/terrymaddoxcom/html/images/large Image105.jpg
2002.07.07 01:52 B C:\Documents and Settings\Mike\My Documents\Terry Maddox\webroot\images\large\Image106.jpg --> ftp.terrymaddox.com /d:/html/users/terrymaddoxcom/html/images/large Image106.jpg
2002.07.07 01:52 B C:\Documents and Settings\Mike\My Documents\Terry Maddox\webroot\images\large\Image107.jpg --> ftp.terrymaddox.com /d:/html/users/terrymaddoxcom/html/images/large Image107.jpg
2002.07.07 01:52 B C:\Documents and Settings\Mike\My Documents\Terry Maddox\webroot\images\large\Image108.jpg --> ftp.terrymaddox.com /d:/html/users/terrymaddoxcom/html/images/large Image108.jpg
2002.07.07 01:52 B C:\Documents and Settings\Mike\My Documents\Terry Maddox\webroot\images\large\Image109.jpg --> ftp.terrymaddox.com /d:/html/users/terrymaddoxcom/html/images/large Image109.jpg
2002.07.07 01:52 B C:\Documents and Settings\Mike\My Documents\Terry Maddox\webroot\images\large\Image110.jpg --> ftp.terrymaddox.com /d:/html/users/terrymaddoxcom/html/images/large Image110.jpg
2002.07.07 01:52 B C:\Documents and Settings\Mike\My Documents\Terry Maddox\webroot\images\large\Image121.jpg --> ftp.terrymaddox.com /d:/html/users/terrymaddoxcom/html/images/large Image121.jpg
2002.07.07 01:52 B C:\Documents and Settings\Mike\My Documents\Terry Maddox\webroot\images\large\Image122.jpg --> ftp.terrymaddox.com /d:/html/users/terrymaddoxcom/html/images/large Image122.jpg
2002.07.07 01:52 B C:\Documents and Settings\Mike\My Documents\Terry Maddox\webroot\images\large\Image123.jpg --> ftp.terrymaddox.com /d:/html/users/terrymaddoxcom/html/images/large Image123.jpg
2002.07.07 01:52 B C:\Documents and Settings\Mike\My Documents\Terry Maddox\webroot\images\large\Image124.jpg --> ftp.terrymaddox.com /d:/html/users/terrymaddoxcom/html/images/large Image124.jpg
2002.07.07 01:52 B C:\Documents and Settings\Mike\My Documents\Terry Maddox\webroot\images\large\Image125.jpg --> ftp.terrymaddox.com /d:/html/users/terrymaddoxcom/html/images/large Image125.jpg
2002.07.07 01:52 B C:\Documents and Settings\Mike\My Documents\Terry Maddox\webroot\images\large\Image126.jpg --> ftp.terrymaddox.com /d:/html/users/terrymaddoxcom/html/images/large Image126.jpg
2002.07.07 01:52 B C:\Documents and Settings\Mike\My Documents\Terry Maddox\webroot\images\large\Image127.jpg --> ftp.terrymaddox.com /d:/html/users/terrymaddoxcom/html/images/large Image127.jpg
2002.07.07 01:52 B C:\Documents and Settings\Mike\My Documents\Terry Maddox\webroot\images\large\Image128.jpg --> ftp.terrymaddox.com /d:/html/users/terrymaddoxcom/html/images/large Image128.jpg
2002.07.07 01:52 B C:\Documents and Settings\Mike\My Documents\Terry Maddox\webroot\images\large\Image129.jpg --> ftp.terrymaddox.com /d:/html/users/terrymaddoxcom/html/images/large Image129.jpg
2002.07.07 01:52 B C:\Documents and Settings\Mike\My Documents\Terry Maddox\webroot\images\large\Image130.jpg --> ftp.terrymaddox.com /d:/html/users/terrymaddoxcom/html/images/large Image130.jpg
2002.07.07 01:52 B C:\Documents and Settings\Mike\My Documents\Terry Maddox\webroot\images\large\Image131.jpg --> ftp.terrymaddox.com /d:/html/users/terrymaddoxcom/html/images/large Image131.jpg
2002.07.07 01:52 B C:\Documents and Settings\Mike\My Documents\Terry Maddox\webroot\images\large\Image132.jpg --> ftp.terrymaddox.com /d:/html/users/terrymaddoxcom/html/images/large Image132.jpg
2002.07.07 01:52 B C:\Documents and Settings\Mike\My Documents\Terry Maddox\webroot\images\large\Image133.jpg --> ftp.terrymaddox.com /d:/html/users/terrymaddoxcom/html/images/large Image133.jpg
2002.07.07 01:52 B C:\Documents and Settings\Mike\My Documents\Terry Maddox\webroot\images\large\Image134.jpg --> ftp.terrymaddox.com /d:/html/users/terrymaddoxcom/html/images/large Image134.jpg
2002.07.07 01:52 B C:\Documents and Settings\Mike\My Documents\Terry Maddox\webroot\images\large\Image135.jpg --> ftp.terrymaddox.com /d:/html/users/terrymaddoxcom/html/images/large Image135.jpg
2002.07.07 01:52 B C:\Documents and Settings\Mike\My Documents\Terry Maddox\webroot\images\large\Image136.jpg --> ftp.terrymaddox.com /d:/html/users/terrymaddoxcom/html/images/large Image136.jpg
2002.07.07 01:52 B C:\Documents and Settings\Mike\My Documents\Terry Maddox\webroot\images\large\Image137.jpg --> ftp.terrymaddox.com /d:/html/users/terrymaddoxcom/html/images/large Image137.jpg
2002.07.07 01:52 B C:\Documents and Settings\Mike\My Documents\Terry Maddox\webroot\images\large\Image138.jpg --> ftp.terrymaddox.com /d:/html/users/terrymaddoxcom/html/images/large Image138.jpg
2002.07.07 01:52 B C:\Documents and Settings\Mike\My Documents\Terry Maddox\webroot\images\large\Image139.jpg --> ftp.terrymaddox.com /d:/html/users/terrymaddoxcom/html/images/large Image139.jpg
2002.07.07 01:52 B C:\Documents and Settings\Mike\My Documents\Terry Maddox\webroot\images\large\Image140.jpg --> ftp.terrymaddox.com /d:/html/users/terrymaddoxcom/html/images/large Image140.jpg
2002.07.07 01:52 B C:\Documents and Settings\Mike\My Documents\Terry Maddox\webroot\images\large\Image141.jpg --> ftp.terrymaddox.com /d:/html/users/terrymaddoxcom/html/images/large Image141.jpg
2002.07.07 01:52 B C:\Documents and Settings\Mike\My Documents\Terry Maddox\webroot\images\large\Image142.jpg --> ftp.terrymaddox.com /d:/html/users/terrymaddoxcom/html/images/large Image142.jpg
2002.07.07 01:52 B C:\Documents and Settings\Mike\My Documents\Terry Maddox\webroot\images\large\Image143.jpg --> ftp.terrymaddox.com /d:/html/users/terrymaddoxcom/html/images/large Image143.jpg
2002.07.07 01:52 B C:\Documents and Settings\Mike\My Documents\Terry Maddox\webroot\images\large\Image144.jpg --> ftp.terrymaddox.com /d:/html/users/terrymaddoxcom/html/images/large Image144.jpg
2002.07.07 01:52 B C:\Documents and Settings\Mike\My Documents\Terry Maddox\webroot\images\large\Image145.jpg --> ftp.terrymaddox.com /d:/html/users/terrymaddoxcom/html/images/large Image145.jpg
2002.07.07 01:52 B C:\Documents and Settings\Mike\My Documents\Terry Maddox\webroot\images\large\Image146.jpg --> ftp.terrymaddox.com /d:/html/users/terrymaddoxcom/html/images/large Image146.jpg
2002.07.07 01:53 B C:\Documents and Settings\Mike\My Documents\Terry Maddox\webroot\images\large\Image147.jpg --> ftp.terrymaddox.com /d:/html/users/terrymaddoxcom/html/images/large Image147.jpg
2002.07.07 01:53 B C:\Documents and Settings\Mike\My Documents\Terry Maddox\webroot\images\large\Image148.jpg --> ftp.terrymaddox.com /d:/html/users/terrymaddoxcom/html/images/large Image148.jpg
2002.07.07 01:53 B C:\Documents and Settings\Mike\My Documents\Terry Maddox\webroot\images\large\Image149.jpg --> ftp.terrymaddox.com /d:/html/users/terrymaddoxcom/html/images/large Image149.jpg
2002.07.07 01:53 B C:\Documents and Settings\Mike\My Documents\Terry Maddox\webroot\images\large\Image150.jpg --> ftp.terrymaddox.com /d:/html/users/terrymaddoxcom/html/images/large Image150.jpg
2002.07.07 01:53 B C:\Documents and Settings\Mike\My Documents\Terry Maddox\webroot\images\large\Image151.jpg --> ftp.terrymaddox.com /d:/html/users/terrymaddoxcom/html/images/large Image151.jpg
2002.07.07 01:53 B C:\Documents and Settings\Mike\My Documents\Terry Maddox\webroot\images\large\Image152.jpg --> ftp.terrymaddox.com /d:/html/users/terrymaddoxcom/html/images/large Image152.jpg
2002.07.07 01:53 B C:\Documents and Settings\Mike\My Documents\Terry Maddox\webroot\images\large\Image153.jpg --> ftp.terrymaddox.com /d:/html/users/terrymaddoxcom/html/images/large Image153.jpg
2002.07.07 01:53 B C:\Documents and Settings\Mike\My Documents\Terry Maddox\webroot\images\large\Image154.jpg --> ftp.terrymaddox.com /d:/html/users/terrymaddoxcom/html/images/large Image154.jpg
2002.07.07 01:53 B C:\Documents and Settings\Mike\My Documents\Terry Maddox\webroot\images\large\Image155.jpg --> ftp.terrymaddox.com /d:/html/users/terrymaddoxcom/html/images/large Image155.jpg
2002.07.07 01:53 B C:\Documents and Settings\Mike\My Documents\Terry Maddox\webroot\images\large\Image156.jpg --> ftp.terrymaddox.com /d:/html/users/terrymaddoxcom/html/images/large Image156.jpg
2002.07.07 01:53 B C:\Documents and Settings\Mike\My Documents\Terry Maddox\webroot\images\large\Image157.jpg --> ftp.terrymaddox.com /d:/html/users/terrymaddoxcom/html/images/large Image157.jpg
2002.07.07 01:53 B C:\Documents and Settings\Mike\My Documents\Terry Maddox\webroot\images\large\Image158.jpg --> ftp.terrymaddox.com /d:/html/users/terrymaddoxcom/html/images/large Image158.jpg
2002.07.07 01:53 B C:\Documents and Settings\Mike\My Documents\Terry Maddox\webroot\images\large\Image159.jpg --> ftp.terrymaddox.com /d:/html/users/terrymaddoxcom/html/images/large Image159.jpg
2002.07.07 01:53 B C:\Documents and Settings\Mike\My Documents\Terry Maddox\webroot\images\large\next.gif --> ftp.terrymaddox.com /d:/html/users/terrymaddoxcom/html/images/large next.gif
2002.07.07 01:53 B C:\Documents and Settings\Mike\My Documents\Terry Maddox\webroot\images\large\noimage.jpg --> ftp.terrymaddox.com /d:/html/users/terrymaddoxcom/html/images/large noimage.jpg
2002.07.07 01:53 B C:\Documents and Settings\Mike\My Documents\Terry Maddox\webroot\images\large\previous.gif --> ftp.terrymaddox.com /d:/html/users/terrymaddoxcom/html/images/large previous.gif
2002.07.07 01:53 B C:\Documents and Settings\Mike\My Documents\Terry Maddox\webroot\images\large\WS_FTP.LOG --> ftp.terrymaddox.com /d:/html/users/terrymaddoxcom/html/images/large WS_FTP.LOG
